%!Adobe-FontList 1.16
%Locale:0x409

%BeginFont
Handler:DirectoryHandler
FontType:TrueType
FontName:ArialMT
FamilyName:Arial
StyleName:Regular
FullName:Arial
MenuName:Arial
StyleBits:0
WritingScript:Roman
OutlineFileName:C:\Users\David\Dropbox\Digital Futures\Indesign Workshop\Sample\SampleDocument Folder\Document fonts\arial.ttf
DataFormat:sfntData
FileLength:895200
FileModTime:1404944385
WeightClass:400
WidthClass:5
AngleClass:0
NameArray:0,Mac,4,Arial
NameArray:0,Win,1,Arial
%EndFont

%BeginFont
Handler:DirectoryHandler
FontType:TrueType
FontName:Arial-ItalicMT
FamilyName:Arial
StyleName:Italic
FullName:Arial Italic
MenuName:Arial
StyleBits:1
WritingScript:Roman
OutlineFileName:C:\Users\David\Dropbox\Digital Futures\Indesign Workshop\Sample\SampleDocument Folder\Document fonts\ariali.ttf
DataFormat:sfntData
FileLength:635860
FileModTime:1404944385
WeightClass:400
WidthClass:5
AngleClass:1
NameArray:0,Mac,4,Arial Italic
NameArray:0,Win,1,Arial
%EndFont

%BeginFont
Handler:DirectoryHandler
FontType:TrueType
FontName:Raleway-Light
FamilyName:Raleway
StyleName:Light
FullName:Raleway Light
MenuName:Raleway
StyleBits:0
WritingScript:Roman
OutlineFileName:C:\Users\David\Dropbox\Digital Futures\Indesign Workshop\Sample\SampleDocument Folder\Document fonts\Raleway-Light.ttf
DataFormat:sfntData
FileLength:180680
FileModTime:1420689923
WeightClass:300
WidthClass:5
AngleClass:0
NameArray:0,Mac,18,Raleway Light
NameArray:0,Mac,4,Raleway Light
NameArray:0,Win,1,Raleway
%EndFont

%BeginFont
Handler:DirectoryHandler
FontType:TrueType
FontName:Raleway-Medium
FamilyName:Raleway
StyleName:Medium
FullName:Raleway Medium
MenuName:Raleway
StyleBits:0
WritingScript:Roman
OutlineFileName:C:\Users\David\Dropbox\Digital Futures\Indesign Workshop\Sample\SampleDocument Folder\Document fonts\Raleway-Medium.ttf
DataFormat:sfntData
FileLength:178116
FileModTime:1420689923
WeightClass:500
WidthClass:5
AngleClass:0
NameArray:0,Mac,18,Raleway Medium
NameArray:0,Mac,4,Raleway Medium
NameArray:0,Win,1,Raleway
%EndFont

%BeginFont
Handler:DirectoryHandler
FontType:TrueType
FontName:Raleway-Regular
FamilyName:Raleway
StyleName:Regular
FullName:Raleway Regular
MenuName:Raleway
StyleBits:0
WritingScript:Roman
OutlineFileName:C:\Users\David\Dropbox\Digital Futures\Indesign Workshop\Sample\SampleDocument Folder\Document fonts\Raleway-Regular.ttf
DataFormat:sfntData
FileLength:176188
FileModTime:1420689923
WeightClass:400
WidthClass:5
AngleClass:0
NameArray:0,Mac,18,Raleway Regular
NameArray:0,Mac,4,Raleway Regular
NameArray:0,Win,1,Raleway
%EndFont

